<?xml version="1.0" encoding="UTF-8"?>
<testng-results skipped="0" failed="0" total="6" passed="6">
  <reporter-output>
  </reporter-output>
  <suite name="sanity" duration-ms="2" started-at="2020-04-11T14:25:51Z" finished-at="2020-04-11T14:25:51Z">
    <groups>
    </groups>
    <test name="SanityTest" duration-ms="2" started-at="2020-04-11T14:25:51Z" finished-at="2020-04-11T14:25:51Z">
      <class name="child2pack1.SanityTest">
        <test-method status="PASS" signature="sanitymethod2()[pri:0, instance:child2pack1.SanityTest@2c9f9fb0]" name="sanitymethod2" duration-ms="0" started-at="2020-04-11T19:55:51Z" finished-at="2020-04-11T19:55:51Z">
          <reporter-output>
          </reporter-output>
        </test-method> <!-- sanitymethod2 -->
        <test-method status="PASS" signature="sanitymethod3()[pri:0, instance:child2pack1.SanityTest@2c9f9fb0]" name="sanitymethod3" duration-ms="0" started-at="2020-04-11T19:55:51Z" finished-at="2020-04-11T19:55:51Z">
          <reporter-output>
          </reporter-output>
        </test-method> <!-- sanitymethod3 -->
        <test-method status="PASS" signature="sanitythod1()[pri:0, instance:child2pack1.SanityTest@2c9f9fb0]" name="sanitythod1" duration-ms="1" started-at="2020-04-11T19:55:51Z" finished-at="2020-04-11T19:55:51Z">
          <reporter-output>
          </reporter-output>
        </test-method> <!-- sanitythod1 -->
      </class> <!-- child2pack1.SanityTest -->
    </test> <!-- SanityTest -->
  </suite> <!-- sanity -->
  <suite name="Smoke" duration-ms="25" started-at="2020-04-11T14:25:51Z" finished-at="2020-04-11T14:25:51Z">
    <groups>
    </groups>
    <test name="SmokeTest" duration-ms="25" started-at="2020-04-11T14:25:51Z" finished-at="2020-04-11T14:25:51Z">
      <class name="child2pack1.SmokeTest">
        <test-method status="PASS" signature="smokemethod1()[pri:0, instance:child2pack1.SmokeTest@6be46e8f]" name="smokemethod1" duration-ms="9" started-at="2020-04-11T19:55:51Z" finished-at="2020-04-11T19:55:51Z">
          <reporter-output>
          </reporter-output>
        </test-method> <!-- smokemethod1 -->
        <test-method status="PASS" signature="smokemethod2()[pri:0, instance:child2pack1.SmokeTest@6be46e8f]" name="smokemethod2" duration-ms="0" started-at="2020-04-11T19:55:51Z" finished-at="2020-04-11T19:55:51Z">
          <reporter-output>
          </reporter-output>
        </test-method> <!-- smokemethod2 -->
        <test-method status="PASS" signature="smokemethod3()[pri:0, instance:child2pack1.SmokeTest@6be46e8f]" name="smokemethod3" duration-ms="0" started-at="2020-04-11T19:55:51Z" finished-at="2020-04-11T19:55:51Z">
          <reporter-output>
          </reporter-output>
        </test-method> <!-- smokemethod3 -->
      </class> <!-- child2pack1.SmokeTest -->
    </test> <!-- SmokeTest -->
  </suite> <!-- Smoke -->
</testng-results>
