<?xml version="1.0" encoding="UTF-8"?>
<testng-results skipped="0" failed="0" total="1" passed="1">
  <reporter-output>
  </reporter-output>
  <suite name="Child2" duration-ms="4155" started-at="2020-04-10T06:52:36Z" finished-at="2020-04-10T06:52:41Z">
    <groups>
    </groups>
    <test name="ChildTest" duration-ms="4155" started-at="2020-04-10T06:52:36Z" finished-at="2020-04-10T06:52:41Z">
      <class name="child2pack1.Child2Class1">
        <test-method status="PASS" signature="method1()[pri:0, instance:child2pack1.Child2Class1@68837a77]" name="method1" duration-ms="4139" started-at="2020-04-10T12:22:36Z" finished-at="2020-04-10T12:22:41Z">
          <reporter-output>
          </reporter-output>
        </test-method> <!-- method1 -->
      </class> <!-- child2pack1.Child2Class1 -->
    </test> <!-- ChildTest -->
  </suite> <!-- Child2 -->
</testng-results>
