<?xml version="1.0" encoding="UTF-8"?>
<!-- Generated by org.testng.reporters.JUnitXMLReporter -->
<testsuite hostname="TCFILML50509999" name="SmokeTest" tests="3" failures="0" timestamp="11 Apr 2020 14:24:47 GMT" time="0.138" errors="0">
  <testcase name="smokemethod1" time="0.035" classname="child2pack1.SmokeTest"/>
  <testcase name="smokemethod2" time="0.047" classname="child2pack1.SmokeTest"/>
  <testcase name="smokemethod3" time="0.002" classname="child2pack1.SmokeTest"/>
</testsuite> <!-- SmokeTest -->
