<?xml version="1.0" encoding="UTF-8"?>
<!-- Generated by org.testng.reporters.JUnitXMLReporter -->
<testsuite hostname="TCFILML50509999" name="SmokeTest" tests="3" failures="0" timestamp="16 Apr 2020 05:44:42 GMT" time="0.057" errors="0">
  <testcase name="smokemethod1" time="0.016" classname="child2pack1.SmokeTest"/>
  <testcase name="smokemethod2" time="0.007" classname="child2pack1.SmokeTest"/>
  <testcase name="smokemethod3" time="0.005" classname="child2pack1.SmokeTest"/>
</testsuite> <!-- SmokeTest -->
