<?xml version="1.0" encoding="UTF-8"?>
<!-- Generated by org.testng.reporters.JUnitXMLReporter -->
<testsuite hostname="TCFILML50509999" name="SmokeTest" tests="3" failures="0" timestamp="11 Apr 2020 14:25:51 GMT" time="0.025" errors="0">
  <testcase name="smokemethod1" time="0.009" classname="child2pack1.SmokeTest"/>
  <testcase name="smokemethod2" time="0.0" classname="child2pack1.SmokeTest"/>
  <testcase name="smokemethod3" time="0.0" classname="child2pack1.SmokeTest"/>
</testsuite> <!-- SmokeTest -->
