<?xml version="1.0" encoding="UTF-8"?>
<!-- Generated by org.testng.reporters.JUnitXMLReporter -->
<testsuite hostname="TCFILML50509999" name="SanityTest" tests="3" failures="0" timestamp="11 Apr 2020 14:55:32 GMT" time="0.031" errors="0">
  <testcase name="sanitymethod2" time="0.016" classname="child2pack1.SanityTest"/>
  <testcase name="sanitymethod3" time="0.0" classname="child2pack1.SanityTest"/>
  <testcase name="sanitythod1" time="0.0" classname="child2pack1.SanityTest"/>
</testsuite> <!-- SanityTest -->
